<?xml version="1.0" encoding="UTF-8"?>
<testsuite xmlns:xsi="http://www.w3.org/2001/XMLSchema-instance" xsi:noNamespaceSchemaLocation="https://maven.apache.org/surefire/maven-surefire-plugin/xsd/surefire-test-report-3.0.xsd" version="3.0" name="tek.sdet.framework.runner.TestRunner" time="24.117" tests="9" errors="0" skipped="0" failures="0">
  <properties>
[...]
</properties>
  <testcase name="Verify user can search a product" classname="Retail Home feature" time="3.35">
    <system-out><![CDATA[
@smokeTest
Scenario: Verify user can search a product # features/Home.feature:5
 INFO [main] (RetailHomeSteps.java:26)- User is on retail website
 INFO [main] (RetailHomeSteps.java:27)- Actual Title React AppEquals ExpectedTitle React App
  Given User is on retail website          # tek.sdet.framework.steps.RetailHomeSteps.userIsOnRetailWebsite()
 INFO [main] (RetailHomeSteps.java:36)- user search for product pokemon
  When User search for "pokemon" product   # tek.sdet.framework.steps.RetailHomeSteps.userSearchForProduct(java.lang.String)
 INFO [main] (RetailHomeSteps.java:43)- the product is displayed on home page
  Then The product should be displayed     # tek.sdet.framework.steps.RetailHomeSteps.theProductShouldBeDisplayed()
]]></system-out>
    <system-err><![CDATA[SLF4J: Failed to load class "org.slf4j.impl.StaticLoggerBinder".
SLF4J: Defaulting to no-operation (NOP) logger implementation
SLF4J: See http://www.slf4j.org/codes.html#StaticLoggerBinder for further details.
ERROR StatusLogger Log4j2 could not find a logging implementation. Please add log4j-core to the classpath. Using SimpleLogger to log to the console...
Starting ChromeDriver 110.0.5481.77 (65ed616c6e8ee3fe0ad64fe83796c020644d42af-refs/branch-heads/5481@{#839}) on port 60790
Only local connections are allowed.
Please see https://chromedriver.chromium.org/security-considerations for suggestions on keeping ChromeDriver safe.
ChromeDriver was started successfully.
[1677536055.904][WARNING]: virtual void DevToolsClientImpl::AddListener(DevToolsEventListener *) subscribing a listener to the already connected DevToolsClient. Connection notification will not arrive.
Feb 27, 2023 5:14:15 PM org.openqa.selenium.remote.ProtocolHandshake createSession
INFO: Detected upstream dialect: W3C
Feb 27, 2023 5:14:16 PM org.openqa.selenium.devtools.CdpVersionFinder findNearestMatch
WARNING: Unable to find an exact match for CDP version 110, so returning the closest version found: a no-op implementation
Feb 27, 2023 5:14:16 PM org.openqa.selenium.devtools.CdpVersionFinder findNearestMatch
INFO: Unable to find CDP implementation matching 110.
Feb 27, 2023 5:14:16 PM org.openqa.selenium.chromium.ChromiumDriver lambda$new$3
WARNING: Unable to find version of CDP to use for . You may need to include a dependency on a specific version of the CDP using something similar to `org.seleniumhq.selenium:selenium-devtools-v86:4.4.0` where the version ("v86") matches the version of the chromium-based browser you're using and the version number of the artifact is the same as Selenium's.
]]></system-err>
  </testcase>
  <testcase name="Verify Shop by Department sidebar" classname="Retail Home feature" time="1.925">
    <system-out><![CDATA[
@smokeTest
Scenario: Verify Shop by Department sidebar                    # features/Home.feature:11
 INFO [main] (RetailHomeSteps.java:26)- User is on retail website
 INFO [main] (RetailHomeSteps.java:27)- Actual Title React AppEquals ExpectedTitle React App
  Given User is on retail website                              # tek.sdet.framework.steps.RetailHomeSteps.userIsOnRetailWebsite()
 INFO [main] (RetailHomeSteps.java:50)- User clicked on All section
  When User click on All section                               # tek.sdet.framework.steps.RetailHomeSteps.userClickOnAllSection()
 INFO [main] (RetailHomeSteps.java:63)- Electronics : is eqaul to: Electronics
 INFO [main] (RetailHomeSteps.java:63)- Computers : is eqaul to: Computers
 INFO [main] (RetailHomeSteps.java:63)- Smart Home : is eqaul to: Smart Home
 INFO [main] (RetailHomeSteps.java:63)- Sports : is eqaul to: Sports
 INFO [main] (RetailHomeSteps.java:63)- Automative : is eqaul to: Automative
  Then below options are present in shop by department sidebar # tek.sdet.framework.steps.RetailHomeSteps.belowOptionsArePresentInShopByDepartmentSidebar(io.cucumber.datatable.DataTable)
    | Electronics | Computers | Smart Home | Sports | Automative |
]]></system-out>
    <system-err><![CDATA[Starting ChromeDriver 110.0.5481.77 (65ed616c6e8ee3fe0ad64fe83796c020644d42af-refs/branch-heads/5481@{#839}) on port 52331
Only local connections are allowed.
Please see https://chromedriver.chromium.org/security-considerations for suggestions on keeping ChromeDriver safe.
ChromeDriver was started successfully.
[1677536058.078][WARNING]: virtual void DevToolsClientImpl::AddListener(DevToolsEventListener *) subscribing a listener to the already connected DevToolsClient. Connection notification will not arrive.
Feb 27, 2023 5:14:18 PM org.openqa.selenium.remote.ProtocolHandshake createSession
INFO: Detected upstream dialect: W3C
Feb 27, 2023 5:14:18 PM org.openqa.selenium.devtools.CdpVersionFinder findNearestMatch
WARNING: Unable to find an exact match for CDP version 110, so returning the closest version found: a no-op implementation
Feb 27, 2023 5:14:18 PM org.openqa.selenium.devtools.CdpVersionFinder findNearestMatch
INFO: Unable to find CDP implementation matching 110.
Feb 27, 2023 5:14:18 PM org.openqa.selenium.chromium.ChromiumDriver lambda$new$3
WARNING: Unable to find version of CDP to use for . You may need to include a dependency on a specific version of the CDP using something similar to `org.seleniumhq.selenium:selenium-devtools-v86:4.4.0` where the version ("v86") matches the version of the chromium-based browser you're using and the version number of the artifact is the same as Selenium's.
]]></system-err>
  </testcase>
  <testcase name="Verify Department sidebar option #1" classname="Retail Home feature" time="1.79">
    <system-out><![CDATA[
@smokeTest
Scenario Outline: Verify Department sidebar option # features/Home.feature:27
 INFO [main] (RetailHomeSteps.java:26)- User is on retail website
 INFO [main] (RetailHomeSteps.java:27)- Actual Title React AppEquals ExpectedTitle React App
  Given User is on retail website                  # tek.sdet.framework.steps.RetailHomeSteps.userIsOnRetailWebsite()
 INFO [main] (RetailHomeSteps.java:50)- User clicked on All section
  When User click on All section                   # tek.sdet.framework.steps.RetailHomeSteps.userClickOnAllSection()
  And User is on 'Electrinocs'                     # tek.sdet.framework.steps.RetailHomeSteps.userOnElectrinocs(java.lang.String)
  Then below options are present in department     # tek.sdet.framework.steps.RetailHomeSteps.belowOptionsArePresentInDepartment(io.cucumber.datatable.DataTable)
    | TV & Video | Video Game |
]]></system-out>
    <system-err><![CDATA[Starting ChromeDriver 110.0.5481.77 (65ed616c6e8ee3fe0ad64fe83796c020644d42af-refs/branch-heads/5481@{#839}) on port 63762
Only local connections are allowed.
Please see https://chromedriver.chromium.org/security-considerations for suggestions on keeping ChromeDriver safe.
ChromeDriver was started successfully.
[1677536060.032][WARNING]: virtual void DevToolsClientImpl::AddListener(DevToolsEventListener *) subscribing a listener to the already connected DevToolsClient. Connection notification will not arrive.
Feb 27, 2023 5:14:20 PM org.openqa.selenium.remote.ProtocolHandshake createSession
INFO: Detected upstream dialect: W3C
Feb 27, 2023 5:14:20 PM org.openqa.selenium.devtools.CdpVersionFinder findNearestMatch
WARNING: Unable to find an exact match for CDP version 110, so returning the closest version found: a no-op implementation
Feb 27, 2023 5:14:20 PM org.openqa.selenium.devtools.CdpVersionFinder findNearestMatch
INFO: Unable to find CDP implementation matching 110.
Feb 27, 2023 5:14:20 PM org.openqa.selenium.chromium.ChromiumDriver lambda$new$3
WARNING: Unable to find version of CDP to use for . You may need to include a dependency on a specific version of the CDP using something similar to `org.seleniumhq.selenium:selenium-devtools-v86:4.4.0` where the version ("v86") matches the version of the chromium-based browser you're using and the version number of the artifact is the same as Selenium's.
]]></system-err>
  </testcase>
  <testcase name="Verify Department sidebar option #2" classname="Retail Home feature" time="1.86">
    <system-out><![CDATA[
@smokeTest
Scenario Outline: Verify Department sidebar option # features/Home.feature:28
 INFO [main] (RetailHomeSteps.java:26)- User is on retail website
 INFO [main] (RetailHomeSteps.java:27)- Actual Title React AppEquals ExpectedTitle React App
  Given User is on retail website                  # tek.sdet.framework.steps.RetailHomeSteps.userIsOnRetailWebsite()
 INFO [main] (RetailHomeSteps.java:50)- User clicked on All section
  When User click on All section                   # tek.sdet.framework.steps.RetailHomeSteps.userClickOnAllSection()
  And User is on 'Smart Home'                      # tek.sdet.framework.steps.RetailHomeSteps.userOnElectrinocs(java.lang.String)
 INFO [main] (RetailHomeSteps.java:99)- Smart Home Lightning(Is present)
 INFO [main] (RetailHomeSteps.java:99)- Plugs and Outlets(Is present)
  Then below options are present in department     # tek.sdet.framework.steps.RetailHomeSteps.belowOptionsArePresentInDepartment(io.cucumber.datatable.DataTable)
    | Smart Home Lightning | Plugs and Outlets |
]]></system-out>
    <system-err><![CDATA[Starting ChromeDriver 110.0.5481.77 (65ed616c6e8ee3fe0ad64fe83796c020644d42af-refs/branch-heads/5481@{#839}) on port 56655
Only local connections are allowed.
Please see https://chromedriver.chromium.org/security-considerations for suggestions on keeping ChromeDriver safe.
ChromeDriver was started successfully.
[1677536061.798][WARNING]: virtual void DevToolsClientImpl::AddListener(DevToolsEventListener *) subscribing a listener to the already connected DevToolsClient. Connection notification will not arrive.
Feb 27, 2023 5:14:21 PM org.openqa.selenium.remote.ProtocolHandshake createSession
INFO: Detected upstream dialect: W3C
Feb 27, 2023 5:14:21 PM org.openqa.selenium.devtools.CdpVersionFinder findNearestMatch
WARNING: Unable to find an exact match for CDP version 110, so returning the closest version found: a no-op implementation
Feb 27, 2023 5:14:21 PM org.openqa.selenium.devtools.CdpVersionFinder findNearestMatch
INFO: Unable to find CDP implementation matching 110.
Feb 27, 2023 5:14:21 PM org.openqa.selenium.chromium.ChromiumDriver lambda$new$3
WARNING: Unable to find version of CDP to use for . You may need to include a dependency on a specific version of the CDP using something similar to `org.seleniumhq.selenium:selenium-devtools-v86:4.4.0` where the version ("v86") matches the version of the chromium-based browser you're using and the version number of the artifact is the same as Selenium's.
]]></system-err>
  </testcase>
  <testcase name="Verify Department sidebar option #3" classname="Retail Home feature" time="1.796">
    <system-out><![CDATA[
@smokeTest
Scenario Outline: Verify Department sidebar option # features/Home.feature:29
 INFO [main] (RetailHomeSteps.java:26)- User is on retail website
 INFO [main] (RetailHomeSteps.java:27)- Actual Title React AppEquals ExpectedTitle React App
  Given User is on retail website                  # tek.sdet.framework.steps.RetailHomeSteps.userIsOnRetailWebsite()
 INFO [main] (RetailHomeSteps.java:50)- User clicked on All section
  When User click on All section                   # tek.sdet.framework.steps.RetailHomeSteps.userClickOnAllSection()
  And User is on 'Sports'                          # tek.sdet.framework.steps.RetailHomeSteps.userOnElectrinocs(java.lang.String)
 INFO [main] (RetailHomeSteps.java:99)- Athletic Clothing(Is present)
 INFO [main] (RetailHomeSteps.java:99)- Exercise & Fitness(Is present)
  Then below options are present in department     # tek.sdet.framework.steps.RetailHomeSteps.belowOptionsArePresentInDepartment(io.cucumber.datatable.DataTable)
    | Athletic Clothing | Exercise & Fitness |
]]></system-out>
    <system-err><![CDATA[Starting ChromeDriver 110.0.5481.77 (65ed616c6e8ee3fe0ad64fe83796c020644d42af-refs/branch-heads/5481@{#839}) on port 52354
Only local connections are allowed.
Please see https://chromedriver.chromium.org/security-considerations for suggestions on keeping ChromeDriver safe.
ChromeDriver was started successfully.
[1677536063.623][WARNING]: virtual void DevToolsClientImpl::AddListener(DevToolsEventListener *) subscribing a listener to the already connected DevToolsClient. Connection notification will not arrive.
Feb 27, 2023 5:14:23 PM org.openqa.selenium.remote.ProtocolHandshake createSession
INFO: Detected upstream dialect: W3C
Feb 27, 2023 5:14:23 PM org.openqa.selenium.devtools.CdpVersionFinder findNearestMatch
WARNING: Unable to find an exact match for CDP version 110, so returning the closest version found: a no-op implementation
Feb 27, 2023 5:14:23 PM org.openqa.selenium.devtools.CdpVersionFinder findNearestMatch
INFO: Unable to find CDP implementation matching 110.
Feb 27, 2023 5:14:23 PM org.openqa.selenium.chromium.ChromiumDriver lambda$new$3
WARNING: Unable to find version of CDP to use for . You may need to include a dependency on a specific version of the CDP using something similar to `org.seleniumhq.selenium:selenium-devtools-v86:4.4.0` where the version ("v86") matches the version of the chromium-based browser you're using and the version number of the artifact is the same as Selenium's.
]]></system-err>
  </testcase>
  <testcase name="Verify Department sidebar option #4" classname="Retail Home feature" time="1.968">
    <system-out><![CDATA[
@smokeTest
Scenario Outline: Verify Department sidebar option # features/Home.feature:30
 INFO [main] (RetailHomeSteps.java:26)- User is on retail website
 INFO [main] (RetailHomeSteps.java:27)- Actual Title React AppEquals ExpectedTitle React App
  Given User is on retail website                  # tek.sdet.framework.steps.RetailHomeSteps.userIsOnRetailWebsite()
 INFO [main] (RetailHomeSteps.java:50)- User clicked on All section
  When User click on All section                   # tek.sdet.framework.steps.RetailHomeSteps.userClickOnAllSection()
  And User is on 'Automative'                      # tek.sdet.framework.steps.RetailHomeSteps.userOnElectrinocs(java.lang.String)
 INFO [main] (RetailHomeSteps.java:99)- Automative Parts & Accessories(Is present)
  Then below options are present in department     # tek.sdet.framework.steps.RetailHomeSteps.belowOptionsArePresentInDepartment(io.cucumber.datatable.DataTable)
    | Automative Parts & Accessories | MotoCycle & Powersports |
]]></system-out>
    <system-err><![CDATA[Starting ChromeDriver 110.0.5481.77 (65ed616c6e8ee3fe0ad64fe83796c020644d42af-refs/branch-heads/5481@{#839}) on port 57229
Only local connections are allowed.
Please see https://chromedriver.chromium.org/security-considerations for suggestions on keeping ChromeDriver safe.
ChromeDriver was started successfully.
[1677536065.559][WARNING]: virtual void DevToolsClientImpl::AddListener(DevToolsEventListener *) subscribing a listener to the already connected DevToolsClient. Connection notification will not arrive.
Feb 27, 2023 5:14:25 PM org.openqa.selenium.remote.ProtocolHandshake createSession
INFO: Detected upstream dialect: W3C
Feb 27, 2023 5:14:25 PM org.openqa.selenium.devtools.CdpVersionFinder findNearestMatch
WARNING: Unable to find an exact match for CDP version 110, so returning the closest version found: a no-op implementation
Feb 27, 2023 5:14:25 PM org.openqa.selenium.devtools.CdpVersionFinder findNearestMatch
INFO: Unable to find CDP implementation matching 110.
Feb 27, 2023 5:14:25 PM org.openqa.selenium.chromium.ChromiumDriver lambda$new$3
WARNING: Unable to find version of CDP to use for . You may need to include a dependency on a specific version of the CDP using something similar to `org.seleniumhq.selenium:selenium-devtools-v86:4.4.0` where the version ("v86") matches the version of the chromium-based browser you're using and the version number of the artifact is the same as Selenium's.
]]></system-err>
  </testcase>
  <testcase name="Verify User can add an item to cart" classname="Retail Home feature" time="2.878">
    <system-out><![CDATA[
@smokeTest
Scenario: Verify User can add an item to cart                               # features/Home.feature:32
 INFO [main] (RetailHomeSteps.java:26)- User is on retail website
 INFO [main] (RetailHomeSteps.java:27)- Actual Title React AppEquals ExpectedTitle React App
  Given User is on retail website                                           # tek.sdet.framework.steps.RetailHomeSteps.userIsOnRetailWebsite()
 INFO [main] (SignInSteps.java:18)- User click on Sign in option
  When User click on Sign in option                                         # tek.sdet.framework.steps.SignInSteps.userClickOnSignInOption()
 INFO [main] (SignInSteps.java:25)- User entered email shukria.iqbal@tekschool.us and password Tek@2221
  And User enter email 'shukria.iqbal@tekschool.us' and password 'Tek@2221' # tek.sdet.framework.steps.SignInSteps.userEnterEmailAndPassword(java.lang.String,java.lang.String)
 INFO [main] (SignInSteps.java:31)- User click on login button
  And User click on login button                                            # tek.sdet.framework.steps.SignInSteps.userClickOnLoginButton()
  And User should be logged in into Account                                 # tek.sdet.framework.steps.AccountSteps.userShouldBeLoggedInIntoAccount()
 INFO [main] (RetailHomeSteps.java:108)- User changed the category to Smart Home
  And User change the category to 'Smart Home'                              # tek.sdet.framework.steps.RetailHomeSteps.userChangeTheCategoryTo(java.lang.String)
 INFO [main] (RetailHomeSteps.java:115)- User searched for an itemkasa outdoor smart plug
  And User search for an item 'kasa outdoor smart plug'                     # tek.sdet.framework.steps.RetailHomeSteps.userSearchForAnItem(java.lang.String)
 INFO [main] (RetailHomeSteps.java:120)- User clicked on Search icon
  And User click on Search icon                                             # tek.sdet.framework.steps.RetailHomeSteps.userClickOnSearchIcon()
 INFO [main] (RetailHomeSteps.java:126)- User clicked on item to search it
  And User click on item                                                    # tek.sdet.framework.steps.RetailHomeSteps.userClickOnItem()
  And User select quantity '2'                                              # tek.sdet.framework.steps.RetailHomeSteps.userSelectQuantity(java.lang.String)
 INFO [main] (RetailHomeSteps.java:136)- User added items on the cart
  And User click add to Cart button                                         # tek.sdet.framework.steps.RetailHomeSteps.userClickAddToCartButton()
  Then the cart icon quantity should change to '2'                          # tek.sdet.framework.steps.RetailHomeSteps.theCartIconQuantityShouldChangeTo(java.lang.String)
]]></system-out>
    <system-err><![CDATA[Starting ChromeDriver 110.0.5481.77 (65ed616c6e8ee3fe0ad64fe83796c020644d42af-refs/branch-heads/5481@{#839}) on port 52858
Only local connections are allowed.
Please see https://chromedriver.chromium.org/security-considerations for suggestions on keeping ChromeDriver safe.
ChromeDriver was started successfully.
[1677536067.395][WARNING]: virtual void DevToolsClientImpl::AddListener(DevToolsEventListener *) subscribing a listener to the already connected DevToolsClient. Connection notification will not arrive.
Feb 27, 2023 5:14:27 PM org.openqa.selenium.remote.ProtocolHandshake createSession
INFO: Detected upstream dialect: W3C
Feb 27, 2023 5:14:27 PM org.openqa.selenium.devtools.CdpVersionFinder findNearestMatch
WARNING: Unable to find an exact match for CDP version 110, so returning the closest version found: a no-op implementation
Feb 27, 2023 5:14:27 PM org.openqa.selenium.devtools.CdpVersionFinder findNearestMatch
INFO: Unable to find CDP implementation matching 110.
Feb 27, 2023 5:14:27 PM org.openqa.selenium.chromium.ChromiumDriver lambda$new$3
WARNING: Unable to find version of CDP to use for . You may need to include a dependency on a specific version of the CDP using something similar to `org.seleniumhq.selenium:selenium-devtools-v86:4.4.0` where the version ("v86") matches the version of the chromium-based browser you're using and the version number of the artifact is the same as Selenium's.
]]></system-err>
  </testcase>
  <testcase name="Verify User can place an order without Shipping address and payment Method on file" classname="Retail Home feature" time="4.691">
    <system-out><![CDATA[
@smokeTest
Scenario: Verify User can place an order without Shipping address and payment Method on file # features/Home.feature:46
 INFO [main] (RetailHomeSteps.java:26)- User is on retail website
 INFO [main] (RetailHomeSteps.java:27)- Actual Title React AppEquals ExpectedTitle React App
  Given User is on retail website                                                            # tek.sdet.framework.steps.RetailHomeSteps.userIsOnRetailWebsite()
 INFO [main] (SignInSteps.java:18)- User click on Sign in option
  When User click on Sign in option                                                          # tek.sdet.framework.steps.SignInSteps.userClickOnSignInOption()
 INFO [main] (SignInSteps.java:25)- User entered email shukria.iqbal@tekschool.us and password Tek@2221
  And User enter email 'shukria.iqbal@tekschool.us' and password 'Tek@2221'                  # tek.sdet.framework.steps.SignInSteps.userEnterEmailAndPassword(java.lang.String,java.lang.String)
 INFO [main] (SignInSteps.java:31)- User click on login button
  And User click on login button                                                             # tek.sdet.framework.steps.SignInSteps.userClickOnLoginButton()
  And User should be logged in into Account                                                  # tek.sdet.framework.steps.AccountSteps.userShouldBeLoggedInIntoAccount()
 INFO [main] (RetailHomeSteps.java:108)- User changed the category to Smart Home
  And User change the category to 'Smart Home'                                               # tek.sdet.framework.steps.RetailHomeSteps.userChangeTheCategoryTo(java.lang.String)
 INFO [main] (RetailHomeSteps.java:115)- User searched for an itemkasa outdoor smart plug
  And User search for an item 'kasa outdoor smart plug'                                      # tek.sdet.framework.steps.RetailHomeSteps.userSearchForAnItem(java.lang.String)
 INFO [main] (RetailHomeSteps.java:120)- User clicked on Search icon
  And User click on Search icon                                                              # tek.sdet.framework.steps.RetailHomeSteps.userClickOnSearchIcon()
 INFO [main] (RetailHomeSteps.java:162)- User clicked on Item
  And User Click On item                                                                     # tek.sdet.framework.steps.RetailHomeSteps.UserClickOnItem()
  And User select quantity '2'                                                               # tek.sdet.framework.steps.RetailHomeSteps.userSelectQuantity(java.lang.String)
 INFO [main] (RetailHomeSteps.java:136)- User added items on the cart
  And User click add to Cart button                                                          # tek.sdet.framework.steps.RetailHomeSteps.userClickAddToCartButton()
  Then the cart icon quantity should change to '2'                                           # tek.sdet.framework.steps.RetailHomeSteps.theCartIconQuantityShouldChangeTo(java.lang.String)
 INFO [main] (RetailHomeSteps.java:167)- User clicked on Cart Option
  And User click on Cart option                                                              # tek.sdet.framework.steps.RetailHomeSteps.userClickOnCartOption()
 INFO [main] (RetailHomeSteps.java:173)- User clicked on proceed to check out
  And User click on proceed to checkout button                                               # tek.sdet.framework.steps.RetailHomeSteps.userClickOnProceedToCheckoutButton()
 INFO [main] (RetailHomeSteps.java:179)- User clicked on new address link
  And User click Add a new address link for shipping address                                 # tek.sdet.framework.steps.RetailHomeSteps.userClickAddANewAddressLinkForShippingAddress()
 INFO [main] (AccountSteps.java:164)- User filled new address form with below information
  And User fill new address form with below information                                      # tek.sdet.framework.steps.AccountSteps.UserFillNewAddressFormWithBelowInformation(io.cucumber.datatable.DataTable)
    | Country       | Fullname | PhoneNumber | StreetAddress       | Apt  | City       | State    | ZipCode |
    | United States | Gul Jan  | 7000778897  | 4654 Chantilly BLVD | 2323 | Alexandria | Virginia | 33201   |
 INFO [main] (RetailHomeSteps.java:184)- User clicked add your address button
  And User click Add Your Address button                                                     # tek.sdet.framework.steps.RetailHomeSteps.userClickAddYourAddressButton()
 INFO [main] (RetailHomeSteps.java:190)- User clicked on add payment method
  And User click Add a credit card or Debit Card for Payment method                          # tek.sdet.framework.steps.RetailHomeSteps.userClickAddACreditCardOrDebitCardForPaymentMethod()
 INFO [main] (AccountSteps.java:72)- User fill Debit or credit card information
  And User fill Debit or Credit Card information                                             # tek.sdet.framework.steps.AccountSteps.userFillDebitOrCreditCardInformation(io.cucumber.datatable.DataTable)
    | cardNumber       | nameOnCard | expirationMonth | expirationYear | securityCode |
    | 0045032112300321 | sherin Jan | 12              | 2025           | 234          |
 INFO [main] (RetailHomeSteps.java:197)- User added the cart to the account
  And User click on add your card button                                                     # tek.sdet.framework.steps.RetailHomeSteps.userClickOnAddYourCardButton()
 INFO [main] (RetailHomeSteps.java:202)- User placed the order
  And User click on Place Your Order                                                         # tek.sdet.framework.steps.RetailHomeSteps.userClickOnPlaceYourOrder()
 INFO [main] (RetailHomeSteps.java:208)- Message was displayed Thank you for shopping
  Then a Message Should be Displayed For order purpose 'Order Placed, Thanks'                # tek.sdet.framework.steps.RetailHomeSteps.aMessageShouldBeDisplayedForOrderPurpose(java.lang.String)
]]></system-out>
    <system-err><![CDATA[Starting ChromeDriver 110.0.5481.77 (65ed616c6e8ee3fe0ad64fe83796c020644d42af-refs/branch-heads/5481@{#839}) on port 55092
Only local connections are allowed.
Please see https://chromedriver.chromium.org/security-considerations for suggestions on keeping ChromeDriver safe.
ChromeDriver was started successfully.
[1677536070.273][WARNING]: virtual void DevToolsClientImpl::AddListener(DevToolsEventListener *) subscribing a listener to the already connected DevToolsClient. Connection notification will not arrive.
Feb 27, 2023 5:14:30 PM org.openqa.selenium.remote.ProtocolHandshake createSession
INFO: Detected upstream dialect: W3C
Feb 27, 2023 5:14:30 PM org.openqa.selenium.devtools.CdpVersionFinder findNearestMatch
WARNING: Unable to find an exact match for CDP version 110, so returning the closest version found: a no-op implementation
Feb 27, 2023 5:14:30 PM org.openqa.selenium.devtools.CdpVersionFinder findNearestMatch
INFO: Unable to find CDP implementation matching 110.
Feb 27, 2023 5:14:30 PM org.openqa.selenium.chromium.ChromiumDriver lambda$new$3
WARNING: Unable to find version of CDP to use for . You may need to include a dependency on a specific version of the CDP using something similar to `org.seleniumhq.selenium:selenium-devtools-v86:4.4.0` where the version ("v86") matches the version of the chromium-based browser you're using and the version number of the artifact is the same as Selenium's.
]]></system-err>
  </testcase>
  <testcase name="Verify User can place an order with Shipping address and payment Method on file" classname="Retail Home feature" time="3.179">
    <system-out><![CDATA[
@smokeTest
Scenario: Verify User can place an order with Shipping address and payment Method on file # features/Home.feature:74
 INFO [main] (RetailHomeSteps.java:26)- User is on retail website
 INFO [main] (RetailHomeSteps.java:27)- Actual Title React AppEquals ExpectedTitle React App
  Given User is on retail website                                                         # tek.sdet.framework.steps.RetailHomeSteps.userIsOnRetailWebsite()
 INFO [main] (SignInSteps.java:18)- User click on Sign in option
  When User click on Sign in option                                                       # tek.sdet.framework.steps.SignInSteps.userClickOnSignInOption()
 INFO [main] (SignInSteps.java:25)- User entered email shukria.iqbal@tekschool.us and password Tek@2221
  And User enter email 'shukria.iqbal@tekschool.us' and password 'Tek@2221'               # tek.sdet.framework.steps.SignInSteps.userEnterEmailAndPassword(java.lang.String,java.lang.String)
 INFO [main] (SignInSteps.java:31)- User click on login button
  And User click on login button                                                          # tek.sdet.framework.steps.SignInSteps.userClickOnLoginButton()
  And User should be logged in into Account                                               # tek.sdet.framework.steps.AccountSteps.userShouldBeLoggedInIntoAccount()
 INFO [main] (RetailHomeSteps.java:108)- User changed the category to Smart Home
  And User change the category to 'Electronics'                                           # tek.sdet.framework.steps.RetailHomeSteps.userChangeTheCategoryTo(java.lang.String)
 INFO [main] (RetailHomeSteps.java:115)- User searched for an itemApex Legends
  And User search for an item 'Apex Legends'                                              # tek.sdet.framework.steps.RetailHomeSteps.userSearchForAnItem(java.lang.String)
 INFO [main] (RetailHomeSteps.java:120)- User clicked on Search icon
  And User click on Search icon                                                           # tek.sdet.framework.steps.RetailHomeSteps.userClickOnSearchIcon()
 INFO [main] (RetailHomeSteps.java:156)- User clicked on the item
  And User click on the item                                                              # tek.sdet.framework.steps.RetailHomeSteps.userClickOnTheItem()
  And User select quantity '5'                                                            # tek.sdet.framework.steps.RetailHomeSteps.userSelectQuantity(java.lang.String)
 INFO [main] (RetailHomeSteps.java:136)- User added items on the cart
  And User click add to Cart button                                                       # tek.sdet.framework.steps.RetailHomeSteps.userClickAddToCartButton()
  Then the cart icon quantity should change to '5'                                        # tek.sdet.framework.steps.RetailHomeSteps.theCartIconQuantityShouldChangeTo(java.lang.String)
 INFO [main] (RetailHomeSteps.java:167)- User clicked on Cart Option
  And User click on Cart option                                                           # tek.sdet.framework.steps.RetailHomeSteps.userClickOnCartOption()
 INFO [main] (RetailHomeSteps.java:173)- User clicked on proceed to check out
  And User click on proceed to checkout button                                            # tek.sdet.framework.steps.RetailHomeSteps.userClickOnProceedToCheckoutButton()
 INFO [main] (RetailHomeSteps.java:202)- User placed the order
  And User click on Place Your Order                                                      # tek.sdet.framework.steps.RetailHomeSteps.userClickOnPlaceYourOrder()
]]></system-out>
    <system-err><![CDATA[Starting ChromeDriver 110.0.5481.77 (65ed616c6e8ee3fe0ad64fe83796c020644d42af-refs/branch-heads/5481@{#839}) on port 59734
Only local connections are allowed.
Please see https://chromedriver.chromium.org/security-considerations for suggestions on keeping ChromeDriver safe.
ChromeDriver was started successfully.
[1677536075.008][WARNING]: virtual void DevToolsClientImpl::AddListener(DevToolsEventListener *) subscribing a listener to the already connected DevToolsClient. Connection notification will not arrive.
Feb 27, 2023 5:14:35 PM org.openqa.selenium.remote.ProtocolHandshake createSession
INFO: Detected upstream dialect: W3C
Feb 27, 2023 5:14:35 PM org.openqa.selenium.devtools.CdpVersionFinder findNearestMatch
WARNING: Unable to find an exact match for CDP version 110, so returning the closest version found: a no-op implementation
Feb 27, 2023 5:14:35 PM org.openqa.selenium.devtools.CdpVersionFinder findNearestMatch
INFO: Unable to find CDP implementation matching 110.
Feb 27, 2023 5:14:35 PM org.openqa.selenium.chromium.ChromiumDriver lambda$new$3
WARNING: Unable to find version of CDP to use for . You may need to include a dependency on a specific version of the CDP using something similar to `org.seleniumhq.selenium:selenium-devtools-v86:4.4.0` where the version ("v86") matches the version of the chromium-based browser you're using and the version number of the artifact is the same as Selenium's.
]]></system-err>
  </testcase>
</testsuite>